05-09-2024 08:16:29 PM - Login_Logs - INFO - ********** Test_001_DDT_Login ****************
05-09-2024 08:16:29 PM - Login_Logs - INFO - ********** Test_001_DDT_Login ****************
05-09-2024 08:16:29 PM - Login_Logs - INFO - ********** Verifying Login DDT Test **********
05-09-2024 08:16:29 PM - Login_Logs - INFO - ********** Verifying Login DDT Test **********
05-09-2024 08:16:29 PM - Login_Logs - INFO - Starting DDT-Driven test with Username 'Admin' and password 'admin123'.
05-09-2024 08:16:29 PM - Login_Logs - INFO - Starting DDT-Driven test with Username 'Admin' and password 'admin123'.
05-09-2024 08:17:00 PM - Login_Logs - INFO - Login test with username 'Admin' and password 'admin123' Test passed!
05-09-2024 08:17:00 PM - Login_Logs - INFO - Login test with username 'Admin' and password 'admin123' Test passed!
05-09-2024 08:17:10 PM - Login_Logs - INFO - Test with username 'Admin' and password 'admin123' completed!
05-09-2024 08:17:10 PM - Login_Logs - INFO - Test with username 'Admin' and password 'admin123' completed!
05-09-2024 08:17:10 PM - Login_Logs - INFO - ********** Completed Test_001_DDT_Login **********
05-09-2024 08:17:10 PM - Login_Logs - INFO - ********** Completed Test_001_DDT_Login **********
05-09-2024 08:17:32 PM - Login_Logs - INFO - ********** Test_001_DDT_Login ****************
05-09-2024 08:17:32 PM - Login_Logs - INFO - ********** Test_001_DDT_Login ****************
05-09-2024 08:17:32 PM - Login_Logs - INFO - ********** Verifying Login DDT Test **********
05-09-2024 08:17:32 PM - Login_Logs - INFO - ********** Verifying Login DDT Test **********
05-09-2024 08:17:32 PM - Login_Logs - INFO - Starting DDT-Driven test with Username 'admin1' and password 'admin123'.
05-09-2024 08:17:32 PM - Login_Logs - INFO - Starting DDT-Driven test with Username 'admin1' and password 'admin123'.
05-09-2024 08:18:02 PM - Login_Logs - ERROR - Login test with username 'admin1' and password 'admin123' Test Passed!
05-09-2024 08:18:02 PM - Login_Logs - ERROR - Login test with username 'admin1' and password 'admin123' Test Passed!
05-09-2024 08:18:23 PM - Login_Logs - INFO - ********** Test_001_DDT_Login ****************
05-09-2024 08:18:23 PM - Login_Logs - INFO - ********** Test_001_DDT_Login ****************
05-09-2024 08:18:23 PM - Login_Logs - INFO - ********** Verifying Login DDT Test **********
05-09-2024 08:18:23 PM - Login_Logs - INFO - ********** Verifying Login DDT Test **********
05-09-2024 08:18:23 PM - Login_Logs - INFO - Starting DDT-Driven test with Username 'Admin' and password 'admin'.
05-09-2024 08:18:23 PM - Login_Logs - INFO - Starting DDT-Driven test with Username 'Admin' and password 'admin'.
05-09-2024 08:18:55 PM - Login_Logs - ERROR - Login test with username 'Admin' and password 'admin' Test Passed!
05-09-2024 08:18:55 PM - Login_Logs - ERROR - Login test with username 'Admin' and password 'admin' Test Passed!
05-09-2024 08:19:15 PM - Login_Logs - INFO - ********** Test_001_DDT_Login ****************
05-09-2024 08:19:15 PM - Login_Logs - INFO - ********** Test_001_DDT_Login ****************
05-09-2024 08:19:15 PM - Login_Logs - INFO - ********** Verifying Login DDT Test **********
05-09-2024 08:19:15 PM - Login_Logs - INFO - ********** Verifying Login DDT Test **********
05-09-2024 08:19:15 PM - Login_Logs - INFO - Starting DDT-Driven test with Username 'Admin123' and password 'Admin'.
05-09-2024 08:19:15 PM - Login_Logs - INFO - Starting DDT-Driven test with Username 'Admin123' and password 'Admin'.
05-09-2024 08:19:46 PM - Login_Logs - ERROR - Login test with username 'Admin123' and password 'Admin' Test Passed!
05-09-2024 08:19:46 PM - Login_Logs - ERROR - Login test with username 'Admin123' and password 'Admin' Test Passed!
05-09-2024 08:20:07 PM - Login_Logs - INFO - **********  Test_002_Login_Keyword **********
05-09-2024 08:20:07 PM - Login_Logs - INFO - **********  Test_002_Login_Keyword **********
05-09-2024 08:20:17 PM - Login_Logs - INFO - Starting Keyword Driven Test with Actions 'Enter Username'.
05-09-2024 08:20:17 PM - Login_Logs - INFO - Starting Keyword Driven Test with Actions 'Enter Username'.
05-09-2024 08:20:21 PM - Login_Logs - INFO - ********** Username Entered **********
05-09-2024 08:20:21 PM - Login_Logs - INFO - ********** Username Entered **********
05-09-2024 08:20:21 PM - Login_Logs - INFO - **********  Test_002_Login_Keyword **********
05-09-2024 08:20:21 PM - Login_Logs - INFO - **********  Test_002_Login_Keyword **********
05-09-2024 08:20:31 PM - Login_Logs - INFO - Starting Keyword Driven Test with Actions 'Enter Password'.
05-09-2024 08:20:31 PM - Login_Logs - INFO - Starting Keyword Driven Test with Actions 'Enter Password'.
05-09-2024 08:20:37 PM - Login_Logs - INFO - ********** Password Entered **********
05-09-2024 08:20:37 PM - Login_Logs - INFO - ********** Password Entered **********
05-09-2024 08:20:37 PM - Login_Logs - INFO - **********  Test_002_Login_Keyword **********
05-09-2024 08:20:37 PM - Login_Logs - INFO - **********  Test_002_Login_Keyword **********
05-09-2024 08:20:47 PM - Login_Logs - INFO - Starting Keyword Driven Test with Actions 'Click Login Button'.
05-09-2024 08:20:47 PM - Login_Logs - INFO - Starting Keyword Driven Test with Actions 'Click Login Button'.
05-09-2024 08:20:51 PM - Login_Logs - INFO - **********  Test_002_Login_Keyword **********
05-09-2024 08:20:51 PM - Login_Logs - INFO - **********  Test_002_Login_Keyword **********
05-09-2024 08:21:01 PM - Login_Logs - INFO - Starting Keyword Driven Test with Actions 'Verify Login Success'.
05-09-2024 08:21:01 PM - Login_Logs - INFO - Starting Keyword Driven Test with Actions 'Verify Login Success'.
05-09-2024 08:21:07 PM - Login_Logs - INFO - **********  Test_002_Login_Keyword **********
05-09-2024 08:21:07 PM - Login_Logs - INFO - **********  Test_002_Login_Keyword **********
05-09-2024 08:21:17 PM - Login_Logs - INFO - Starting Keyword Driven Test with Actions 'Add Employee'.
05-09-2024 08:21:17 PM - Login_Logs - INFO - Starting Keyword Driven Test with Actions 'Add Employee'.
05-09-2024 08:21:34 PM - Login_Logs - INFO - ********** Employee Added **********
05-09-2024 08:21:34 PM - Login_Logs - INFO - ********** Employee Added **********
05-09-2024 08:21:37 PM - Login_Logs - INFO - Test with action 'Add Employee' Completed.
05-09-2024 08:21:37 PM - Login_Logs - INFO - Test with action 'Add Employee' Completed.
05-09-2024 08:21:37 PM - Login_Logs - INFO - ********** Test_002_Login_Keyword Completed **********
05-09-2024 08:21:37 PM - Login_Logs - INFO - ********** Test_002_Login_Keyword Completed **********
